  Lab1.cpp
Q:\2курс\SD\Lab1\Lab1\Lab1.cpp(29,14): error C2131: выражение не определяется константой
Q:\2курс\SD\Lab1\Lab1\Lab1.cpp(29,14): message : сбой вызван чтением переменной вне срока ее существования
Q:\2курс\SD\Lab1\Lab1\Lab1.cpp(29,14): message : см. использование "n"
Q:\2курс\SD\Lab1\Lab1\Lab1.cpp(30,18): error C2131: выражение не определяется константой
Q:\2курс\SD\Lab1\Lab1\Lab1.cpp(30,18): message : сбой вызван чтением переменной вне срока ее существования
Q:\2курс\SD\Lab1\Lab1\Lab1.cpp(30,18): message : см. использование "n"
Q:\2курс\SD\Lab1\Lab1\Lab1.cpp(31,13): error C3863: тип массива "int [n]" является неназначаемым
Q:\2курс\SD\Lab1\Lab1\Lab1.cpp(32,16): error C3863: тип массива "bool [n]" является неназначаемым
Q:\2курс\SD\Lab1\Lab1\Lab1.cpp(34,17): error C3863: тип массива "int [n]" является неназначаемым
Q:\2курс\SD\Lab1\Lab1\Lab1.cpp(35,20): error C3863: тип массива "bool [n]" является неназначаемым
Q:\2курс\SD\Lab1\Lab1\Lab1.cpp(37,12): error C2065: v: необъявленный идентификатор
Q:\2курс\SD\Lab1\Lab1\Lab1.cpp(37,13): error C2143: синтаксическая ошибка: отсутствие ")" перед ":"
Q:\2курс\SD\Lab1\Lab1\Lab1.cpp(37,13): error C2143: синтаксическая ошибка: отсутствие ";" перед ":"
Q:\2курс\SD\Lab1\Lab1\Lab1.cpp(37,13): error C2059: синтаксическая ошибка: :
Q:\2курс\SD\Lab1\Lab1\Lab1.cpp(37,15): error C2059: синтаксическая ошибка: )
Q:\2курс\SD\Lab1\Lab1\Lab1.cpp(41,26): error C3863: тип массива "bool [n]" является неназначаемым
Q:\2курс\SD\Lab1\Lab1\Lab1.cpp(42,27): warning C4018: <: несоответствие типов со знаком и без знака
Q:\2курс\SD\Lab1\Lab1\Lab1.cpp(47,25): error C3863: тип массива "int [n]" является неназначаемым
Q:\2курс\SD\Lab1\Lab1\Lab1.cpp(53,25): warning C4552: "<<": результат выражения не используется
Q:\2курс\SD\Lab1\Lab1\Lab1.cpp(61,29): error C2065: x: необъявленный идентификатор
Q:\2курс\SD\Lab1\Lab1\Lab1.cpp(61,30): error C2059: синтаксическая ошибка: :
